===============================================
🧠 IntelliPRRSV2 — FULL REAL DATA PIPELINE (Batch Auto-Incremental)
📅 Started: Tue Feb  3 18:32:09 CET 2026
===============================================
mysql: [Warning] Using a password on the command line interface can be insecure.
❌ Another pipeline run is already in progress.
❌ Aborting to prevent data corruption.
===============================================
🧠 IntelliPRRSV2 — FULL REAL DATA PIPELINE
📅 Started: Tue Feb 17 09:51:49 CET 2026
===============================================
🕒 Pipeline run timestamp: 2026-02-17 09:51:49
mysql: [Warning] Using a password on the command line interface can be insecure.
❌ Another pipeline run is already in progress.
❌ Aborting to prevent data corruption.
===============================================
🧠 IntelliPRRSV2 — FULL REAL DATA PIPELINE
📅 Started: Tue Feb 17 09:52:02 CET 2026
===============================================
🕒 Pipeline run timestamp: 2026-02-17 09:52:02
mysql: [Warning] Using a password on the command line interface can be insecure.
❌ Another pipeline run is already in progress.
❌ Aborting to prevent data corruption.
===============================================
🧠 IntelliPRRSV2 — FULL REAL DATA PIPELINE
📅 Started: Tue Feb 17 09:52:32 CET 2026
===============================================
🕒 Pipeline run timestamp: 2026-02-17 09:52:32
mysql: [Warning] Using a password on the command line interface can be insecure.
❌ Another pipeline run is already in progress.
❌ Aborting to prevent data corruption.
